[NX Daemon Server] - 2023-12-13T23:51:45.208Z - Started listening on: \\.\pipe\nx\C:\Users\Aaron\AppData\Local\Temp\fcdefa3db71dd70ecd12\d.sock
[NX Daemon Server] - 2023-12-13T23:51:45.211Z - [WATCHER]: Subscribed to changes within: c:\Users\Aaron\Desktop\Class\WatchIT-Knucklebusters (native)
[NX Daemon Server] - 2023-12-13T23:51:45.216Z - Established a connection. Number of open connections: 1
[NX Daemon Server] - 2023-12-13T23:51:45.218Z - Closed a connection. Number of open connections: 0
[NX Daemon Server] - 2023-12-13T23:51:45.219Z - Established a connection. Number of open connections: 1
[NX Daemon Server] - 2023-12-13T23:51:45.221Z - [REQUEST]: Client Request for Project Graph Received
[NX Daemon Server] - 2023-12-13T23:51:45.231Z - [REQUEST]: Updated workspace context based on watched changes, recomputing project graph...
[NX Daemon Server] - 2023-12-13T23:51:45.232Z - [REQUEST]: 
[NX Daemon Server] - 2023-12-13T23:51:45.232Z - [REQUEST]: 
[NX Daemon Server] - 2023-12-13T23:51:53.694Z - [REQUEST]: Responding to the client. project-graph
[NX Daemon Server] - 2023-12-13T23:51:53.695Z - Time taken for 'total for creating and serializing project graph' 8473.07329999993ms
[NX Daemon Server] - 2023-12-13T23:51:53.696Z - Done responding to the client project-graph
[NX Daemon Server] - 2023-12-13T23:51:53.696Z - Handled REQUEST_PROJECT_GRAPH. Handling time: 8473. Response time: 2.
[NX Daemon Server] - 2023-12-13T23:51:53.699Z - Closed a connection. Number of open connections: 0
[NX Daemon Server] - 2023-12-13T23:51:53.699Z - Established a connection. Number of open connections: 1
[NX Daemon Server] - 2023-12-13T23:51:53.699Z - Closed a connection. Number of open connections: 0
[NX Daemon Server] - 2023-12-13T23:51:53.700Z - Established a connection. Number of open connections: 1
[NX Daemon Server] - 2023-12-13T23:51:53.701Z - [REQUEST]: Responding to the client. handleRequestFileData
[NX Daemon Server] - 2023-12-13T23:51:53.701Z - Done responding to the client handleRequestFileData
[NX Daemon Server] - 2023-12-13T23:51:53.701Z - Handled REQUEST_FILE_DATA. Handling time: 0. Response time: 0.
[NX Daemon Server] - 2023-12-13T23:54:42.682Z - Started listening on: \\.\pipe\nx\C:\Users\Aaron\AppData\Local\Temp\fcdefa3db71dd70ecd12\d.sock
[NX Daemon Server] - 2023-12-13T23:54:42.684Z - [WATCHER]: Subscribed to changes within: c:\Users\Aaron\Desktop\Class\WatchIT-Knucklebusters (native)
[NX Daemon Server] - 2023-12-13T23:54:42.688Z - Established a connection. Number of open connections: 1
[NX Daemon Server] - 2023-12-13T23:54:42.690Z - Closed a connection. Number of open connections: 0
[NX Daemon Server] - 2023-12-13T23:54:42.690Z - Established a connection. Number of open connections: 1
[NX Daemon Server] - 2023-12-13T23:54:42.692Z - [REQUEST]: Client Request for Project Graph Received
[NX Daemon Server] - 2023-12-13T23:54:42.720Z - [REQUEST]: Updated workspace context based on watched changes, recomputing project graph...
[NX Daemon Server] - 2023-12-13T23:54:42.720Z - [REQUEST]: 
[NX Daemon Server] - 2023-12-13T23:54:42.720Z - [REQUEST]: 
[NX Daemon Server] - 2023-12-13T23:54:42.808Z - [REQUEST]: Responding to the client. project-graph
[NX Daemon Server] - 2023-12-13T23:54:42.810Z - Time taken for 'total for creating and serializing project graph' 116.70789999992121ms
[NX Daemon Server] - 2023-12-13T23:54:42.810Z - Done responding to the client project-graph
[NX Daemon Server] - 2023-12-13T23:54:42.810Z - Handled REQUEST_PROJECT_GRAPH. Handling time: 117. Response time: 2.
[NX Daemon Server] - 2023-12-13T23:54:42.815Z - Closed a connection. Number of open connections: 0
[NX Daemon Server] - 2023-12-13T23:54:42.816Z - Established a connection. Number of open connections: 1
[NX Daemon Server] - 2023-12-13T23:54:42.816Z - Closed a connection. Number of open connections: 0
[NX Daemon Server] - 2023-12-13T23:54:42.816Z - Established a connection. Number of open connections: 1
[NX Daemon Server] - 2023-12-13T23:54:42.819Z - [REQUEST]: Responding to the client. handleRequestFileData
[NX Daemon Server] - 2023-12-13T23:54:42.819Z - Done responding to the client handleRequestFileData
[NX Daemon Server] - 2023-12-13T23:54:42.819Z - Handled REQUEST_FILE_DATA. Handling time: 1. Response time: 0.
[NX Daemon Server] - 2023-12-14T00:01:58.495Z - Started listening on: \\.\pipe\nx\C:\Users\Aaron\AppData\Local\Temp\fcdefa3db71dd70ecd12\d.sock
[NX Daemon Server] - 2023-12-14T00:01:58.497Z - [WATCHER]: Subscribed to changes within: c:\Users\Aaron\desktop\class\WatchIT-Knucklebusters (native)
[NX Daemon Server] - 2023-12-14T00:01:58.515Z - Established a connection. Number of open connections: 1
[NX Daemon Server] - 2023-12-14T00:01:58.517Z - Closed a connection. Number of open connections: 0
[NX Daemon Server] - 2023-12-14T00:01:58.517Z - Established a connection. Number of open connections: 1
[NX Daemon Server] - 2023-12-14T00:01:58.518Z - [REQUEST]: Client Request for Project Graph Received
[NX Daemon Server] - 2023-12-14T00:01:58.535Z - [REQUEST]: Updated workspace context based on watched changes, recomputing project graph...
[NX Daemon Server] - 2023-12-14T00:01:58.535Z - [REQUEST]: 
[NX Daemon Server] - 2023-12-14T00:01:58.535Z - [REQUEST]: 
[NX Daemon Server] - 2023-12-14T00:01:58.608Z - [REQUEST]: Responding to the client. project-graph
[NX Daemon Server] - 2023-12-14T00:01:58.609Z - Time taken for 'total for creating and serializing project graph' 89.92399999988265ms
[NX Daemon Server] - 2023-12-14T00:01:58.609Z - Done responding to the client project-graph
[NX Daemon Server] - 2023-12-14T00:01:58.609Z - Handled REQUEST_PROJECT_GRAPH. Handling time: 90. Response time: 1.
[NX Daemon Server] - 2023-12-14T00:01:58.613Z - Closed a connection. Number of open connections: 0
[NX Daemon Server] - 2023-12-14T00:01:58.613Z - Established a connection. Number of open connections: 1
[NX Daemon Server] - 2023-12-14T00:01:58.613Z - Closed a connection. Number of open connections: 0
[NX Daemon Server] - 2023-12-14T00:01:58.614Z - Established a connection. Number of open connections: 1
[NX Daemon Server] - 2023-12-14T00:01:58.616Z - [REQUEST]: Responding to the client. handleRequestFileData
[NX Daemon Server] - 2023-12-14T00:01:58.616Z - Done responding to the client handleRequestFileData
[NX Daemon Server] - 2023-12-14T00:01:58.616Z - Handled REQUEST_FILE_DATA. Handling time: 1. Response time: 0.
[NX Daemon Server] - 2023-12-14T00:03:43.659Z - Started listening on: \\.\pipe\nx\C:\Users\Aaron\AppData\Local\Temp\fcdefa3db71dd70ecd12\d.sock
[NX Daemon Server] - 2023-12-14T00:03:43.662Z - [WATCHER]: Subscribed to changes within: c:\Users\Aaron\desktop\class\WatchIT-Knucklebusters (native)
[NX Daemon Server] - 2023-12-14T00:03:43.668Z - Established a connection. Number of open connections: 1
[NX Daemon Server] - 2023-12-14T00:03:43.670Z - Closed a connection. Number of open connections: 0
[NX Daemon Server] - 2023-12-14T00:03:43.670Z - Established a connection. Number of open connections: 1
[NX Daemon Server] - 2023-12-14T00:03:43.672Z - [REQUEST]: Client Request for Project Graph Received
[NX Daemon Server] - 2023-12-14T00:03:43.701Z - [REQUEST]: Updated workspace context based on watched changes, recomputing project graph...
[NX Daemon Server] - 2023-12-14T00:03:43.701Z - [REQUEST]: 
[NX Daemon Server] - 2023-12-14T00:03:43.701Z - [REQUEST]: 
[NX Daemon Server] - 2023-12-14T00:03:43.774Z - [REQUEST]: Responding to the client. project-graph
[NX Daemon Server] - 2023-12-14T00:03:43.776Z - Time taken for 'total for creating and serializing project graph' 102.65429999982007ms
[NX Daemon Server] - 2023-12-14T00:03:43.776Z - Done responding to the client project-graph
[NX Daemon Server] - 2023-12-14T00:03:43.776Z - Handled REQUEST_PROJECT_GRAPH. Handling time: 103. Response time: 2.
[NX Daemon Server] - 2023-12-14T00:03:43.779Z - Closed a connection. Number of open connections: 0
[NX Daemon Server] - 2023-12-14T00:03:43.780Z - Established a connection. Number of open connections: 1
[NX Daemon Server] - 2023-12-14T00:03:43.780Z - Closed a connection. Number of open connections: 0
[NX Daemon Server] - 2023-12-14T00:03:43.780Z - Established a connection. Number of open connections: 1
[NX Daemon Server] - 2023-12-14T00:03:43.782Z - [REQUEST]: Responding to the client. handleRequestFileData
[NX Daemon Server] - 2023-12-14T00:03:43.782Z - Done responding to the client handleRequestFileData
[NX Daemon Server] - 2023-12-14T00:03:43.782Z - Handled REQUEST_FILE_DATA. Handling time: 0. Response time: 0.
